<?xml version="1.0" encoding="UTF-8"?>
<testsuite name="PingPongTest" tests="4" skipped="0" failures="0" errors="0" timestamp="2016-04-19T00:38:29" hostname="epicodus-117.local" time="0.001">
  <properties/>
  <testcase name="PingPong_countUpToGivenfifteen_Array" classname="PingPongTest" time="0.001"/>
  <testcase name="PingPong_countUpToGivenfive_Array" classname="PingPongTest" time="0.0"/>
  <testcase name="PingPong_countUpToGiventhree_Array" classname="PingPongTest" time="0.0"/>
  <testcase name="PingPong_countUpToGivenNumber_Array" classname="PingPongTest" time="0.0"/>
  <system-out><![CDATA[]]></system-out>
  <system-err><![CDATA[]]></system-err>
</testsuite>
